<?xml version="1.0" encoding="UTF-8"?>
<!-- Generated by org.testng.reporters.JUnitReportReporter -->
<testsuite hostname="DESKTOP-67APJNU" failures="0" tests="1" name="test.TestProductPage" time="67.718" errors="0" timestamp="2024-12-24T18:00:01 IST" skipped="0">
  <testcase classname="test.TestProductPage" name="testRequirdFieldValidation" time="67.718"/>
</testsuite> <!-- test.TestProductPage -->
