<?xml version="1.0" encoding="UTF-8"?>
<!-- Generated by org.testng.reporters.JUnitReportReporter -->
<testsuite hostname="DESKTOP-67APJNU" failures="0" tests="1" name="test.TestPremierDocProductPage" time="69.951" errors="0" timestamp="2025-02-27T08:14:21 IST" skipped="0">
  <testcase classname="test.TestPremierDocProductPage" name="testSuccessfulFormSubmission" time="69.951"/>
</testsuite> <!-- test.TestPremierDocProductPage -->
