<?xml version="1.0" encoding="UTF-8"?>
<!-- Generated by org.testng.reporters.JUnitReportReporter -->
<testsuite hostname="DESKTOP-67APJNU" failures="0" tests="1" name="test.TestProductPage" time="68.666" errors="0" timestamp="2024-12-24T18:26:35 IST" skipped="0">
  <testcase classname="test.TestProductPage" name="testCVFieldRequired" time="68.666"/>
</testsuite> <!-- test.TestProductPage -->
