<?xml version="1.0" encoding="UTF-8"?>
<!-- Generated by org.testng.reporters.JUnitReportReporter -->
<testsuite hostname="DESKTOP-67APJNU" failures="0" tests="4" name="test.TestQuickApply" time="126.086" errors="0" timestamp="2024-12-23T09:30:29 IST" skipped="0">
  <testcase classname="test.TestQuickApply" name="successfulFormSubmission" time="40.864"/>
  <testcase classname="test.TestQuickApply" name="testEmptyFormSubmission" time="23.209"/>
  <testcase classname="test.TestQuickApply" name="testEmailValidations" time="26.200"/>
  <testcase classname="test.TestQuickApply" name="testMobileValidation" time="35.813"/>
</testsuite> <!-- test.TestQuickApply -->
