<?xml version="1.0" encoding="UTF-8"?>
<!-- Generated by org.testng.reporters.JUnitReportReporter -->
<testsuite hostname="DESKTOP-67APJNU" failures="0" tests="5" name="test.TestLandingPage" time="303.611" errors="0" timestamp="2024-12-23T09:30:29 IST" skipped="0">
  <testcase classname="test.TestLandingPage" name="testSuccessfulFormSubmission" time="75.489"/>
  <testcase classname="test.TestLandingPage" name="testEmptyFormSubmission" time="31.051"/>
  <testcase classname="test.TestLandingPage" name="testValidEmail" time="65.987"/>
  <testcase classname="test.TestLandingPage" name="testValidMobile" time="65.930"/>
  <testcase classname="test.TestLandingPage" name="isValidFileSize" time="65.154"/>
</testsuite> <!-- test.TestLandingPage -->
