<?xml version="1.0" encoding="UTF-8"?>
<!-- Generated by org.testng.reporters.JUnitReportReporter -->
<testsuite hostname="DESKTOP-67APJNU" failures="0" tests="4" name="test.TestContactEnquiry" time="144.054" errors="0" timestamp="2024-12-30T08:01:13 IST" skipped="0">
  <testcase classname="test.TestContactEnquiry" name="successfulIsFormSubmission" time="46.660"/>
  <testcase classname="test.TestContactEnquiry" name="testEmptyForm" time="11.009"/>
  <testcase classname="test.TestContactEnquiry" name="testValidMobileNum" time="43.172"/>
  <testcase classname="test.TestContactEnquiry" name="testValidEmail" time="43.213"/>
</testsuite> <!-- test.TestContactEnquiry -->
