<?xml version="1.0" encoding="UTF-8"?>
<!-- Generated by org.testng.reporters.JUnitReportReporter -->
<testsuite hostname="DESKTOP-67APJNU" failures="0" tests="10" name="test.TestNG" time="485.770" errors="0" timestamp="2025-02-26T08:04:18 IST" skipped="0">
  <testcase classname="test.TestNG" name="successfulFormSubmission" time="51.323"/>
  <testcase classname="test.TestNG" name="testEmptyFormSubmission" time="44.576"/>
  <testcase classname="test.TestNG" name="testAlreadyTakenUserRegistration" time="49.275"/>
  <testcase classname="test.TestNG" name="tesPasswordLenghtError" time="48.305"/>
  <testcase classname="test.TestNG" name="testPasswordMismatchErrorDisplayed" time="48.957"/>
  <testcase classname="test.TestNG" name="testValidEmail" time="48.612"/>
  <testcase classname="test.TestNG" name="testValidFileSize" time="48.494"/>
  <testcase classname="test.TestNG" name="testRequiredfields" time="48.535"/>
  <testcase classname="test.TestNG" name="testRequiredCVField" time="46.940"/>
  <testcase classname="test.TestNG" name="testFileTypeValidation" time="50.753"/>
</testsuite> <!-- test.TestNG -->
