<?xml version="1.0" encoding="UTF-8"?>
<!-- Generated by org.testng.reporters.JUnitReportReporter -->
<testsuite hostname="DESKTOP-67APJNU" failures="0" tests="8" name="test.TestLandingPage" time="491.206" errors="0" timestamp="2025-02-26T08:04:18 IST" skipped="0">
  <testcase classname="test.TestLandingPage" name="testSuccessfulFormSubmission" time="69.599"/>
  <testcase classname="test.TestLandingPage" name="testEmptyFormSubmission" time="31.628"/>
  <testcase classname="test.TestLandingPage" name="testValidEmail" time="65.046"/>
  <testcase classname="test.TestLandingPage" name="testValidMobile" time="65.172"/>
  <testcase classname="test.TestLandingPage" name="isValidFileSize" time="65.316"/>
  <testcase classname="test.TestLandingPage" name="testRequiredFieldValidation" time="64.716"/>
  <testcase classname="test.TestLandingPage" name="testCVFieldRequiredValidation" time="64.573"/>
  <testcase classname="test.TestLandingPage" name="testFileTypeValidation" time="65.156"/>
</testsuite> <!-- test.TestLandingPage -->
