<?xml version="1.0" encoding="UTF-8"?>
<!-- Generated by org.testng.reporters.JUnitReportReporter -->
<testsuite hostname="DESKTOP-67APJNU" failures="0" tests="6" name="test.TestQuickApply" time="197.789" errors="0" timestamp="2025-02-26T08:04:18 IST" skipped="0">
  <testcase classname="test.TestQuickApply" name="successfulFormSubmission" time="39.593"/>
  <testcase classname="test.TestQuickApply" name="testEmptyFormSubmission" time="22.727"/>
  <testcase classname="test.TestQuickApply" name="testEmailValidations" time="25.783"/>
  <testcase classname="test.TestQuickApply" name="testMobileValidation" time="36.389"/>
  <testcase classname="test.TestQuickApply" name="testRequiredFieldValidation" time="36.859"/>
  <testcase classname="test.TestQuickApply" name="testCVFieldValidation" time="36.438"/>
</testsuite> <!-- test.TestQuickApply -->
