<?xml version="1.0" encoding="UTF-8"?>
<!-- Generated by org.testng.reporters.JUnitReportReporter -->
<testsuite hostname="DESKTOP-67APJNU" failures="0" tests="1" name="test.TestNG" time="52.813" errors="0" timestamp="2024-12-24T13:34:24 IST" skipped="0">
  <testcase classname="test.TestNG" name="testRequiredfields" time="52.813"/>
</testsuite> <!-- test.TestNG -->
