<?xml version="1.0" encoding="UTF-8"?>
<!-- Generated by org.testng.reporters.JUnitReportReporter -->
<testsuite hostname="DESKTOP-67APJNU" failures="0" tests="7" name="test.clientRegTestNG" time="282.373" errors="0" timestamp="2024-12-23T09:30:29 IST" skipped="0">
  <testcase classname="test.clientRegTestNG" name="successfulFormSubmission" time="49.131"/>
  <testcase classname="test.clientRegTestNG" name="testEmptyFormSubmission" time="4.021"/>
  <testcase classname="test.clientRegTestNG" name="testExistEmailValidation" time="45.826"/>
  <testcase classname="test.clientRegTestNG" name="testPasswordLength" time="45.510"/>
  <testcase classname="test.clientRegTestNG" name="testPasswordMatch" time="46.949"/>
  <testcase classname="test.clientRegTestNG" name="testValidEmail" time="45.417"/>
  <testcase classname="test.clientRegTestNG" name="testValidWebURL" time="45.519"/>
</testsuite> <!-- test.clientRegTestNG -->
