<?xml version="1.0" encoding="UTF-8"?>
<!-- Generated by org.testng.reporters.JUnitReportReporter -->
<testsuite hostname="DESKTOP-67APJNU" failures="0" tests="11" name="test.clientRegTestNG" time="439.540" errors="0" timestamp="2025-02-26T08:04:18 IST" skipped="0">
  <testcase classname="test.clientRegTestNG" name="successfulFormSubmission" time="50.518"/>
  <testcase classname="test.clientRegTestNG" name="testEmptyFormSubmission" time="3.690"/>
  <testcase classname="test.clientRegTestNG" name="testExistEmailValidation" time="45.275"/>
  <testcase classname="test.clientRegTestNG" name="testPasswordLength" time="44.797"/>
  <testcase classname="test.clientRegTestNG" name="testPasswordMatch" time="45.138"/>
  <testcase classname="test.clientRegTestNG" name="testValidEmail" time="44.623"/>
  <testcase classname="test.clientRegTestNG" name="testValidWebURL" time="44.626"/>
  <testcase classname="test.clientRegTestNG" name="testRequiredFields" time="25.718"/>
  <testcase classname="test.clientRegTestNG" name="testVacancyFieldRequired" time="45.260"/>
  <testcase classname="test.clientRegTestNG" name="testFileSize" time="44.720"/>
  <testcase classname="test.clientRegTestNG" name="testFileTypeValidation" time="45.175"/>
</testsuite> <!-- test.clientRegTestNG -->
