<?xml version="1.0" encoding="UTF-8"?>
<!-- Generated by org.testng.reporters.JUnitReportReporter -->
<testsuite hostname="DESKTOP-67APJNU" failures="0" tests="1" name="test.TestEmployeePage" time="9.545" errors="0" timestamp="2024-12-25T04:27:54 IST" skipped="0">
  <testcase classname="test.TestEmployeePage" name="testValidRequiredFields" time="9.545"/>
</testsuite> <!-- test.TestEmployeePage -->
