<?xml version="1.0" encoding="UTF-8"?>
<!-- Generated by org.testng.reporters.JUnitReportReporter -->
<testsuite hostname="DESKTOP-67APJNU" failures="0" tests="1" name="test.TestNG" time="51.792" errors="0" timestamp="2024-12-24T08:56:49 IST" skipped="0">
  <testcase classname="test.TestNG" name="successfulFormSubmission" time="51.792"/>
</testsuite> <!-- test.TestNG -->
