<?xml version="1.0" encoding="UTF-8"?>
<!-- Generated by org.testng.reporters.JUnitReportReporter -->
<testsuite hostname="DESKTOP-67APJNU" failures="0" tests="4" name="test.TestContactEnquiry" time="149.320" errors="0" timestamp="2024-12-23T09:30:29 IST" skipped="0">
  <testcase classname="test.TestContactEnquiry" name="successfulIsFormSubmission" time="51.080"/>
  <testcase classname="test.TestContactEnquiry" name="testEmptyForm" time="11.214"/>
  <testcase classname="test.TestContactEnquiry" name="testValidMobileNum" time="43.523"/>
  <testcase classname="test.TestContactEnquiry" name="testValidEmail" time="43.503"/>
</testsuite> <!-- test.TestContactEnquiry -->
