<?xml version="1.0" encoding="UTF-8"?>
<!-- Generated by org.testng.reporters.JUnitReportReporter -->
<testsuite hostname="DESKTOP-67APJNU" failures="0" tests="1" name="test.clientRegTestNG" time="31.186" errors="0" timestamp="2024-12-24T15:59:22 IST" skipped="0">
  <testcase classname="test.clientRegTestNG" name="testRequiredFields" time="31.186"/>
</testsuite> <!-- test.clientRegTestNG -->
