<?xml version="1.0" encoding="UTF-8"?>
<!-- Generated by org.testng.reporters.JUnitReportReporter -->
<testsuite hostname="DESKTOP-67APJNU" failures="0" tests="6" name="test.TestQuickApply" time="194.735" errors="0" timestamp="2024-12-30T08:01:13 IST" skipped="0">
  <testcase classname="test.TestQuickApply" name="successfulFormSubmission" time="38.158"/>
  <testcase classname="test.TestQuickApply" name="testEmptyFormSubmission" time="22.961"/>
  <testcase classname="test.TestQuickApply" name="testEmailValidations" time="26.122"/>
  <testcase classname="test.TestQuickApply" name="testMobileValidation" time="35.852"/>
  <testcase classname="test.TestQuickApply" name="testRequiredFieldValidation" time="35.520"/>
  <testcase classname="test.TestQuickApply" name="testCVFieldValidation" time="36.122"/>
</testsuite> <!-- test.TestQuickApply -->
