<?xml version="1.0" encoding="UTF-8"?>
<!-- Generated by org.testng.reporters.JUnitReportReporter -->
<testsuite hostname="DESKTOP-67APJNU" failures="0" tests="7" name="test.TestNG" time="334.493" errors="0" timestamp="2024-12-23T09:30:29 IST" skipped="0">
  <testcase classname="test.TestNG" name="successfulFormSubmission" time="52.192"/>
  <testcase classname="test.TestNG" name="testEmptyFormSubmission" time="43.387"/>
  <testcase classname="test.TestNG" name="testAlreadyTakenUserRegistration" time="47.669"/>
  <testcase classname="test.TestNG" name="tesPasswordLenghtError" time="47.224"/>
  <testcase classname="test.TestNG" name="testPasswordMismatchErrorDisplayed" time="48.447"/>
  <testcase classname="test.TestNG" name="testValidEmail" time="47.247"/>
  <testcase classname="test.TestNG" name="testValidFileSize" time="48.327"/>
</testsuite> <!-- test.TestNG -->
