<?xml version="1.0" encoding="UTF-8"?>
<!-- Generated by org.testng.reporters.JUnitReportReporter -->
<testsuite hostname="DESKTOP-67APJNU" failures="0" tests="4" name="test.TestContactEnquiry" time="146.162" errors="0" timestamp="2025-02-26T08:04:18 IST" skipped="0">
  <testcase classname="test.TestContactEnquiry" name="successfulIsFormSubmission" time="46.670"/>
  <testcase classname="test.TestContactEnquiry" name="testEmptyForm" time="12.435"/>
  <testcase classname="test.TestContactEnquiry" name="testValidMobileNum" time="43.694"/>
  <testcase classname="test.TestContactEnquiry" name="testValidEmail" time="43.363"/>
</testsuite> <!-- test.TestContactEnquiry -->
